Build started 11-06-2016 11:19:56.
     1>Project "D:\Projects\cmd\hipara-private_cmd\scanner\C++\Package\package.VcxProj" on node 2 (Rebuild target(s)).
     1>C:\Program Files (x86)\Windows Kits\8.1\build\WindowsDriver.common.targets(1366,5): error MSB3030: Could not copy the file "D:\Projects\cmd\hipara-private_cmd\scanner\C++\filter\Win7Debug\scanner.sys" because it was not found.
     1>Done Building Project "D:\Projects\cmd\hipara-private_cmd\scanner\C++\Package\package.VcxProj" (Rebuild target(s)) -- FAILED.

Build FAILED.

Time Elapsed 00:00:00.06
