Build started 11/2/2014 9:59:03 AM.
Project "C:\Scanner\C++\user\scanuser.vcxproj" on node 2 (Build target(s)).
ClCompile:
  C:\Program Files\Microsoft Visual Studio 12.0\VC\bin\CL.exe /c /IWin7Release\ /I..\inc /Zi /nologo /W4 /WX /O2 /Oy- /D _X86_=1 /D i386=1 /D STD_CALL /D WIN32_LEAN_AND_MEAN=1 /D _WIN32_WINNT=0x0601 /D WINVER=0x0601 /D WINNT=1 /D NTDDI_VERSION=0x06010000 /D UNICODE /D _UNICODE /Gm- /MD /GS /fp:precise /Zc:wchar_t- /Zc:forScope /Fo"Win7Release\\" /Fd"Win7Release\vc120.pdb" /Gz /TC /FI"C:\Program Files\Windows Kits\8.1\Include\Shared\warning.h" /analyze- /errorReport:prompt scanUser.c
  scanUser.c
ResourceCompile:
  C:\Program Files\Windows Kits\8.1\bin\x86\rc.exe /D _X86_=1 /D i386=1 /D STD_CALL /D WIN32_LEAN_AND_MEAN=1 /D _WIN32_WINNT=0x0601 /D WINVER=0x0601 /D WINNT=1 /D NTDDI_VERSION=0x06010000 /D "SMP_ID=\\\"{65F44195-9A7A-4594-A116-515C75C82E82}\\\"" /D UNICODE /D _UNICODE /l"0x0409" /IWin7Release\ /I..\inc /nologo /fo"Win7Release\scanUser.res" scanUser.rc 
Link:
  C:\Program Files\Microsoft Visual Studio 12.0\VC\bin\link.exe /ERRORREPORT:PROMPT /OUT:"Win7Release\scanuser.exe" /INCREMENTAL:NO /NOLOGO /WX kernel32.lib user32.lib gdi32.lib winspool.lib comdlg32.lib advapi32.lib shell32.lib ole32.lib oleaut32.lib uuid.lib odbc32.lib odbccp32.lib fltLib.lib /MANIFEST /MANIFESTUAC:"level='asInvoker' uiAccess='false'" /manifest:embed /DEBUG /PDB:"Win7Release\scanuser.pdb" /TLBID:1 /DYNAMICBASE /NXCOMPAT /IMPLIB:"Win7Release\scanuser.lib" /MACHINE:X86 /SAFESEH /IGNORE:4198,4010,4037,4039,4065,4070,4078,4087,4089,4221 Win7Release\scanUser.res
  Win7Release\scanUser.obj
scanUser.obj : error LNK2019: unresolved external symbol _yr_initialize@0 referenced in function _main
Win7Release\scanuser.exe : fatal error LNK1120: 1 unresolved externals
Done Building Project "C:\Scanner\C++\user\scanuser.vcxproj" (Build target(s)) -- FAILED.

Build FAILED.

Time Elapsed 00:00:00.90
